[INFO] Scanning for projects...
[INFO] 
[INFO] ----------< org.example:agricultural-crop-management-backend >----------
[INFO] Building QuanLyMuaVu 0.0.1-SNAPSHOT
[INFO]   from pom.xml
[INFO] --------------------------------[ jar ]---------------------------------
[INFO] 
[INFO] --- resources:3.3.1:resources (default-resources) @ agricultural-crop-management-backend ---
[INFO] Copying 2 resources from src\main\resources to target\classes
[INFO] Copying 1 resource from src\main\resources to target\classes
[INFO] 
[INFO] --- compiler:3.14.0:compile (default-compile) @ agricultural-crop-management-backend ---
[INFO] Recompiling the module because of changed source code.
[INFO] Compiling 239 source files with javac [debug parameters release 17] to target\classes
[INFO] -------------------------------------------------------------
[ERROR] COMPILATION ERROR : 
[INFO] -------------------------------------------------------------
[ERROR] /C:/Users/Asus/Desktop/ACM_NEW/agricultural-crop-management-backend/src/main/java/org/example/QuanLyMuaVu/Service/AdminIncidentService.java:[56,62] cannot find symbol
  symbol:   variable INCIDENT_NOT_FOUND
  location: class org.example.QuanLyMuaVu.Exception.ErrorCode
[ERROR] /C:/Users/Asus/Desktop/ACM_NEW/agricultural-crop-management-backend/src/main/java/org/example/QuanLyMuaVu/Service/AdminIncidentService.java:[66,62] cannot find symbol
  symbol:   variable INCIDENT_NOT_FOUND
  location: class org.example.QuanLyMuaVu.Exception.ErrorCode
[ERROR] /C:/Users/Asus/Desktop/ACM_NEW/agricultural-crop-management-backend/src/main/java/org/example/QuanLyMuaVu/Controller/AdminVarietyController.java:[41,54] cannot find symbol
  symbol:   method getByCropId(java.lang.Integer)
  location: variable varietyService of type org.example.QuanLyMuaVu.Service.VarietyService
[ERROR] /C:/Users/Asus/Desktop/ACM_NEW/agricultural-crop-management-backend/src/main/java/org/example/QuanLyMuaVu/Controller/AdminVarietyController.java:[43,50] cannot find symbol
  symbol:   method getAll()
  location: variable varietyService of type org.example.QuanLyMuaVu.Service.VarietyService
[INFO] 4 errors 
[INFO] -------------------------------------------------------------
[INFO] ------------------------------------------------------------------------
[INFO] BUILD FAILURE
[INFO] ------------------------------------------------------------------------
[INFO] Total time:  7.915 s
[INFO] Finished at: 2025-12-23T09:31:20+07:00
[INFO] ------------------------------------------------------------------------
[ERROR] Failed to execute goal org.apache.maven.plugins:maven-compiler-plugin:3.14.0:compile (default-compile) on project agricultural-crop-management-backend: Compilation failure: Compilation failure: 
[ERROR] /C:/Users/Asus/Desktop/ACM_NEW/agricultural-crop-management-backend/src/main/java/org/example/QuanLyMuaVu/Service/AdminIncidentService.java:[56,62] cannot find symbol
[ERROR]   symbol:   variable INCIDENT_NOT_FOUND
[ERROR]   location: class org.example.QuanLyMuaVu.Exception.ErrorCode
[ERROR] /C:/Users/Asus/Desktop/ACM_NEW/agricultural-crop-management-backend/src/main/java/org/example/QuanLyMuaVu/Service/AdminIncidentService.java:[66,62] cannot find symbol
[ERROR]   symbol:   variable INCIDENT_NOT_FOUND
[ERROR]   location: class org.example.QuanLyMuaVu.Exception.ErrorCode
[ERROR] /C:/Users/Asus/Desktop/ACM_NEW/agricultural-crop-management-backend/src/main/java/org/example/QuanLyMuaVu/Controller/AdminVarietyController.java:[41,54] cannot find symbol
[ERROR]   symbol:   method getByCropId(java.lang.Integer)
[ERROR]   location: variable varietyService of type org.example.QuanLyMuaVu.Service.VarietyService
[ERROR] /C:/Users/Asus/Desktop/ACM_NEW/agricultural-crop-management-backend/src/main/java/org/example/QuanLyMuaVu/Controller/AdminVarietyController.java:[43,50] cannot find symbol
[ERROR]   symbol:   method getAll()
[ERROR]   location: variable varietyService of type org.example.QuanLyMuaVu.Service.VarietyService
[ERROR] -> [Help 1]
[ERROR] 
[ERROR] To see the full stack trace of the errors, re-run Maven with the -e switch.
[ERROR] Re-run Maven using the -X switch to enable full debug logging.
[ERROR] 
[ERROR] For more information about the errors and possible solutions, please read the following articles:
[ERROR] [Help 1] http://cwiki.apache.org/confluence/display/MAVEN/MojoFailureException
